# JRE version: OpenJDK Runtime Environment (8.0_252-b09) (build 1.8.0_252-8u252-b09-1~18.04-b09)
# Java VM: OpenJDK 64-Bit Server VM (25.252-b09 mixed mode linux-amd64 compressed oops)
Heap:
 PSYoungGen      total 457216K, used 15205K [0x000000078c980000, 0x00000007a9e00000, 0x00000007c0000000)
  eden space 437760K, 0% used [0x000000078c980000,0x000000078c980000,0x00000007a7500000)
  from space 19456K, 78% used [0x00000007a7800000,0x00000007a86d9750,0x00000007a8b00000)
  to   space 16384K, 0% used [0x00000007a8e00000,0x00000007a8e00000,0x00000007a9e00000)
 ParOldGen       total 105984K, used 34278K [0x0000000725c00000, 0x000000072c380000, 0x000000078c980000)
  object space 105984K, 32% used [0x0000000725c00000,0x0000000727d79a60,0x000000072c380000)
 Metaspace       used 71354K, capacity 71742K, committed 72280K, reserved 1112064K
  class space    used 9881K, capacity 10029K, committed 10072K, reserved 1048576K
GC Heap History (10 events):
Event: 16.958 GC heap after
Heap after GC invocations=11 (full 2):
 PSYoungGen      total 289280K, used 9724K [0x000000078c980000, 0x00000007a2280000, 0x00000007c0000000)
  eden space 279552K, 0% used [0x000000078c980000,0x000000078c980000,0x000000079da80000)
  from space 9728K, 99% used [0x000000079da80000,0x000000079e3ff0d0,0x000000079e400000)
  to   space 16896K, 0% used [0x00000007a1200000,0x00000007a1200000,0x00000007a2280000)
 ParOldGen       total 79360K, used 29799K [0x0000000725c00000, 0x000000072a980000, 0x000000078c980000)
  object space 79360K, 37% used [0x0000000725c00000,0x0000000727919c90,0x000000072a980000)
 Metaspace       used 57836K, capacity 58248K, committed 58712K, reserved 1099776K
  class space    used 8049K, capacity 8204K, committed 8280K, reserved 1048576K
}
Event: 17.135 GC heap before
{Heap before GC invocations=12 (full 2):
 PSYoungGen      total 289280K, used 40376K [0x000000078c980000, 0x00000007a2280000, 0x00000007c0000000)
  eden space 279552K, 10% used [0x000000078c980000,0x000000078e76f1c0,0x000000079da80000)
  from space 9728K, 99% used [0x000000079da80000,0x000000079e3ff0d0,0x000000079e400000)
  to   space 16896K, 0% used [0x00000007a1200000,0x00000007a1200000,0x00000007a2280000)
 ParOldGen       total 79360K, used 29799K [0x0000000725c00000, 0x000000072a980000, 0x000000078c980000)
  object space 79360K, 37% used [0x0000000725c00000,0x0000000727919c90,0x000000072a980000)
 Metaspace       used 58146K, capacity 58510K, committed 58968K, reserved 1099776K
  class space    used 8088K, capacity 8205K, committed 8280K, reserved 1048576K
Event: 17.163 GC heap after
Heap after GC invocations=12 (full 2):
 PSYoungGen      total 337408K, used 8911K [0x000000078c980000, 0x00000007a7900000, 0x00000007c0000000)
  eden space 320512K, 0% used [0x000000078c980000,0x000000078c980000,0x00000007a0280000)
  from space 16896K, 52% used [0x00000007a1200000,0x00000007a1ab3d30,0x00000007a2280000)
  to   space 15872K, 0% used [0x00000007a0280000,0x00000007a0280000,0x00000007a1200000)
 ParOldGen       total 79360K, used 33130K [0x0000000725c00000, 0x000000072a980000, 0x000000078c980000)
  object space 79360K, 41% used [0x0000000725c00000,0x0000000727c5aab0,0x000000072a980000)
 Metaspace       used 58146K, capacity 58510K, committed 58968K, reserved 1099776K
  class space    used 8088K, capacity 8205K, committed 8280K, reserved 1048576K
}
Event: 17.163 GC heap before
{Heap before GC invocations=13 (full 3):
 PSYoungGen      total 337408K, used 8911K [0x000000078c980000, 0x00000007a7900000, 0x00000007c0000000)
  eden space 320512K, 0% used [0x000000078c980000,0x000000078c980000,0x00000007a0280000)
  from space 16896K, 52% used [0x00000007a1200000,0x00000007a1ab3d30,0x00000007a2280000)
  to   space 15872K, 0% used [0x00000007a0280000,0x00000007a0280000,0x00000007a1200000)
 ParOldGen       total 79360K, used 33130K [0x0000000725c00000, 0x000000072a980000, 0x000000078c980000)
  object space 79360K, 41% used [0x0000000725c00000,0x0000000727c5aab0,0x000000072a980000)
 Metaspace       used 58146K, capacity 58510K, committed 58968K, reserved 1099776K
  class space    used 8088K, capacity 8205K, committed 8280K, reserved 1048576K
Event: 17.292 GC heap after
Heap after GC invocations=13 (full 3):
 PSYoungGen      total 337408K, used 0K [0x000000078c980000, 0x00000007a7900000, 0x00000007c0000000)
  eden space 320512K, 0% used [0x000000078c980000,0x000000078c980000,0x00000007a0280000)
  from space 16896K, 0% used [0x00000007a1200000,0x00000007a1200000,0x00000007a2280000)
  to   space 15872K, 0% used [0x00000007a0280000,0x00000007a0280000,0x00000007a1200000)
 ParOldGen       total 105984K, used 23703K [0x0000000725c00000, 0x000000072c380000, 0x000000078c980000)
  object space 105984K, 22% used [0x0000000725c00000,0x0000000727325ee8,0x000000072c380000)
 Metaspace       used 58146K, capacity 58510K, committed 58968K, reserved 1099776K
  class space    used 8088K, capacity 8205K, committed 8280K, reserved 1048576K
}
Event: 19.386 GC heap before
{Heap before GC invocations=14 (full 3):
 PSYoungGen      total 337408K, used 320512K [0x000000078c980000, 0x00000007a7900000, 0x00000007c0000000)
  eden space 320512K, 100% used [0x000000078c980000,0x00000007a0280000,0x00000007a0280000)
  from space 16896K, 0% used [0x00000007a1200000,0x00000007a1200000,0x00000007a2280000)
  to   space 15872K, 0% used [0x00000007a0280000,0x00000007a0280000,0x00000007a1200000)
 ParOldGen       total 105984K, used 23703K [0x0000000725c00000, 0x000000072c380000, 0x000000078c980000)
  object space 105984K, 22% used [0x0000000725c00000,0x0000000727325ee8,0x000000072c380000)
 Metaspace       used 65112K, capacity 65502K, committed 66136K, reserved 1105920K
  class space    used 9131K, capacity 9273K, committed 9304K, reserved 1048576K
Event: 19.408 GC heap after
Heap after GC invocations=14 (full 3):
 PSYoungGen      total 336384K, used 15272K [0x000000078c980000, 0x00000007a9f80000, 0x00000007c0000000)
  eden space 320512K, 0% used [0x000000078c980000,0x000000078c980000,0x00000007a0280000)
  from space 15872K, 96% used [0x00000007a0280000,0x00000007a116a048,0x00000007a1200000)
  to   space 17920K, 0% used [0x00000007a8e00000,0x00000007a8e00000,0x00000007a9f80000)
 ParOldGen       total 105984K, used 23711K [0x0000000725c00000, 0x000000072c380000, 0x000000078c980000)
  object space 105984K, 22% used [0x0000000725c00000,0x0000000727327ee8,0x000000072c380000)
 Metaspace       used 65112K, capacity 65502K, committed 66136K, reserved 1105920K
  class space    used 9131K, capacity 9273K, committed 9304K, reserved 1048576K
}
Event: 21.550 GC heap before
{Heap before GC invocations=15 (full 3):
 PSYoungGen      total 336384K, used 335784K [0x000000078c980000, 0x00000007a9f80000, 0x00000007c0000000)
  eden space 320512K, 100% used [0x000000078c980000,0x00000007a0280000,0x00000007a0280000)
  from space 15872K, 96% used [0x00000007a0280000,0x00000007a116a048,0x00000007a1200000)
  to   space 17920K, 0% used [0x00000007a8e00000,0x00000007a8e00000,0x00000007a9f80000)
 ParOldGen       total 105984K, used 23711K [0x0000000725c00000, 0x000000072c380000, 0x000000078c980000)
  object space 105984K, 22% used [0x0000000725c00000,0x0000000727327ee8,0x000000072c380000)
 Metaspace       used 70123K, capacity 70542K, committed 71128K, reserved 1110016K
  class space    used 9693K, capacity 9819K, committed 9944K, reserved 1048576K
Event: 21.578 GC heap after
Heap after GC invocations=15 (full 3):
 PSYoungGen      total 454144K, used 16040K [0x000000078c980000, 0x00000007a9e00000, 0x00000007c0000000)
  eden space 437760K, 0% used [0x000000078c980000,0x000000078c980000,0x00000007a7500000)
  from space 16384K, 97% used [0x00000007a8e00000,0x00000007a9daa330,0x00000007a9e00000)
  to   space 19456K, 0% used [0x00000007a7800000,0x00000007a7800000,0x00000007a8b00000)
 ParOldGen       total 105984K, used 29067K [0x0000000725c00000, 0x000000072c380000, 0x000000078c980000)
  object space 105984K, 27% used [0x0000000725c00000,0x0000000727862e40,0x000000072c380000)
 Metaspace       used 70123K, capacity 70542K, committed 71128K, reserved 1110016K
  class space    used 9693K, capacity 9819K, committed 9944K, reserved 1048576K
}
Event: 24.171 GC heap before
{Heap before GC invocations=16 (full 3):
 PSYoungGen      total 454144K, used 453800K [0x000000078c980000, 0x00000007a9e00000, 0x00000007c0000000)
  eden space 437760K, 100% used [0x000000078c980000,0x00000007a7500000,0x00000007a7500000)
  from space 16384K, 97% used [0x00000007a8e00000,0x00000007a9daa330,0x00000007a9e00000)
  to   space 19456K, 0% used [0x00000007a7800000,0x00000007a7800000,0x00000007a8b00000)
 ParOldGen       total 105984K, used 29067K [0x0000000725c00000, 0x000000072c380000, 0x000000078c980000)
  object space 105984K, 27% used [0x0000000725c00000,0x0000000727862e40,0x000000072c380000)
 Metaspace       used 71354K, capacity 71742K, committed 72280K, reserved 1112064K
  class space    used 9881K, capacity 10029K, committed 10072K, reserved 1048576K

